[0m[[0m[0mdebug[0m] [0m[0mRunning TaskDef(MockSpec, org.scalatest.tools.Framework$$anon$1@3be529b3, false, [SuiteSelector])[0m
[0m[[0m[0minfo[0m] [0m[0m[32mMockSpec:[0m[0m
[0m[[0m[0minfo[0m] [0m[0m[31m- should return path to file *** FAILED ***[0m[0m
[0m[[0m[0minfo[0m] [0m[0m[31m  ArraySeq("/usr/local/bin") was not equal to ArraySeq("usr/local/bin") (MockSpec.scala:11)[0m[0m
[0m[[0m[0minfo[0m] [0m[0m[36mRun completed in 4 seconds, 298 milliseconds.[0m[0m
[0m[[0m[0minfo[0m] [0m[0m[36mTotal number of tests run: 1[0m[0m
[0m[[0m[0minfo[0m] [0m[0m[36mSuites: completed 1, aborted 0[0m[0m
[0m[[0m[0minfo[0m] [0m[0m[36mTests: succeeded 0, failed 1, canceled 0, ignored 0, pending 0[0m[0m
[0m[[0m[0minfo[0m] [0m[0m[31m*** 1 TEST FAILED ***[0m[0m
[0m[[0m[31merror[0m] [0m[0mFailed tests:[0m
[0m[[0m[31merror[0m] [0m[0m	MockSpec[0m
[0m[[0m[31merror[0m] [0m[0m(Test / [31mtest[0m) sbt.TestsFailedException: Tests unsuccessful[0m
